  [1m[35m (4.5ms)[0m  [1m[35mCREATE TABLE "schema_migrations" ("version" varchar NOT NULL PRIMARY KEY)[0m
  [1m[35m (1.6ms)[0m  [1m[35mCREATE TABLE "ar_internal_metadata" ("key" varchar NOT NULL PRIMARY KEY, "value" varchar, "created_at" datetime(6) NOT NULL, "updated_at" datetime(6) NOT NULL)[0m
  [1m[36mActiveRecord::SchemaMigration Pluck (0.3ms)[0m  [1m[34mSELECT "schema_migrations"."version" FROM "schema_migrations" ORDER BY "schema_migrations"."version" ASC[0m
Migrating to CreateUsers (20220915003846)
  [1m[36mTRANSACTION (0.1ms)[0m  [1m[36mbegin transaction[0m
  [1m[35m (0.6ms)[0m  [1m[35mCREATE TABLE "users" ("id" integer PRIMARY KEY AUTOINCREMENT NOT NULL, "name" varchar, "created_at" datetime(6) NOT NULL, "updated_at" datetime(6) NOT NULL)[0m
  [1m[36mActiveRecord::SchemaMigration Create (0.3ms)[0m  [1m[32mINSERT INTO "schema_migrations" ("version") VALUES (?)[0m  [["version", "20220915003846"]]
  [1m[36mTRANSACTION (1.2ms)[0m  [1m[36mcommit transaction[0m
  [1m[36mActiveRecord::InternalMetadata Load (0.3ms)[0m  [1m[34mSELECT "ar_internal_metadata".* FROM "ar_internal_metadata" WHERE "ar_internal_metadata"."key" = ? LIMIT ?[0m  [["key", "environment"], ["LIMIT", 1]]
  [1m[36mTRANSACTION (0.1ms)[0m  [1m[36mbegin transaction[0m
  [1m[36mActiveRecord::InternalMetadata Create (0.6ms)[0m  [1m[32mINSERT INTO "ar_internal_metadata" ("key", "value", "created_at", "updated_at") VALUES (?, ?, ?, ?)[0m  [["key", "environment"], ["value", "development"], ["created_at", "2022-09-15 00:38:55.673972"], ["updated_at", "2022-09-15 00:38:55.673972"]]
  [1m[36mTRANSACTION (1.5ms)[0m  [1m[36mcommit transaction[0m
  [1m[36mActiveRecord::SchemaMigration Pluck (0.1ms)[0m  [1m[34mSELECT "schema_migrations"."version" FROM "schema_migrations" ORDER BY "schema_migrations"."version" ASC[0m
  [1m[36mActiveRecord::SchemaMigration Pluck (0.7ms)[0m  [1m[34mSELECT "schema_migrations"."version" FROM "schema_migrations" ORDER BY "schema_migrations"."version" ASC[0m
Migrating to CreatePosts (20220915004022)
  [1m[36mTRANSACTION (0.1ms)[0m  [1m[36mbegin transaction[0m
  [1m[35m (0.7ms)[0m  [1m[35mCREATE TABLE "posts" ("id" integer PRIMARY KEY AUTOINCREMENT NOT NULL, "user_id" varchar, "body" text, "created_at" datetime(6) NOT NULL, "updated_at" datetime(6) NOT NULL)[0m
  [1m[36mActiveRecord::SchemaMigration Create (0.7ms)[0m  [1m[32mINSERT INTO "schema_migrations" ("version") VALUES (?)[0m  [["version", "20220915004022"]]
  [1m[36mTRANSACTION (1.2ms)[0m  [1m[36mcommit transaction[0m
  [1m[36mActiveRecord::InternalMetadata Load (0.8ms)[0m  [1m[34mSELECT "ar_internal_metadata".* FROM "ar_internal_metadata" WHERE "ar_internal_metadata"."key" = ? LIMIT ?[0m  [["key", "environment"], ["LIMIT", 1]]
  [1m[36mActiveRecord::SchemaMigration Pluck (0.1ms)[0m  [1m[34mSELECT "schema_migrations"."version" FROM "schema_migrations" ORDER BY "schema_migrations"."version" ASC[0m
  [1m[36mUser Load (0.5ms)[0m  [1m[34mSELECT "users".* FROM "users"[0m
  [1m[36mPost Load (1.1ms)[0m  [1m[34mSELECT "posts".* FROM "posts"[0m
  [1m[36mUser Exists? (1.3ms)[0m  [1m[34mSELECT 1 AS one FROM "users" WHERE "users"."name" = ? LIMIT ?[0m  [["name", "John"], ["LIMIT", 1]]
  [1m[36mPost Load (0.3ms)[0m  [1m[34mSELECT "posts".* FROM "posts"[0m
  [1m[36mUser Load (0.2ms)[0m  [1m[34mSELECT "users".* FROM "users" WHERE "users"."id" = ? LIMIT ?[0m  [["id", nil], ["LIMIT", 1]]
  [1m[36mPost Load (3.8ms)[0m  [1m[34mSELECT "posts".* FROM "posts"[0m
  [1m[36mTRANSACTION (0.7ms)[0m  [1m[36mbegin transaction[0m
  [1m[36mUser Load (0.2ms)[0m  [1m[34mSELECT "users".* FROM "users" WHERE "users"."id" = ? LIMIT ?[0m  [["id", nil], ["LIMIT", 1]]
  [1m[36mTRANSACTION (0.1ms)[0m  [1m[31mrollback transaction[0m
  [1m[36mUser Exists? (0.8ms)[0m  [1m[34mSELECT 1 AS one FROM "users" WHERE "users"."name" = ? LIMIT ?[0m  [["name", "John"], ["LIMIT", 1]]
  [1m[36mTRANSACTION (0.1ms)[0m  [1m[36mbegin transaction[0m
  [1m[36mUser Exists? (0.3ms)[0m  [1m[34mSELECT 1 AS one FROM "users" WHERE "users"."name" = ? LIMIT ?[0m  [["name", "John"], ["LIMIT", 1]]
  [1m[36mUser Create (6.2ms)[0m  [1m[32mINSERT INTO "users" ("name", "created_at", "updated_at") VALUES (?, ?, ?)[0m  [["name", "John"], ["created_at", "2022-09-15 01:10:54.139851"], ["updated_at", "2022-09-15 01:10:54.139851"]]
  [1m[36mTRANSACTION (1.5ms)[0m  [1m[36mcommit transaction[0m
  [1m[36mUser Load (0.4ms)[0m  [1m[34mSELECT "users".* FROM "users"[0m
  [1m[36mUser Load (0.3ms)[0m  [1m[34mSELECT "users".* FROM "users" WHERE "users"."id" = ? LIMIT ?[0m  [["id", 1], ["LIMIT", 1]]
  [1m[36mPost Load (0.2ms)[0m  [1m[34mSELECT "posts".* FROM "posts"[0m
  [1m[36mTRANSACTION (0.1ms)[0m  [1m[36mbegin transaction[0m
  [1m[36mPost Create (1.7ms)[0m  [1m[32mINSERT INTO "posts" ("user_id", "body", "created_at", "updated_at") VALUES (?, ?, ?, ?)[0m  [["user_id", "1"], ["body", "Hello world!"], ["created_at", "2022-09-15 01:12:05.938052"], ["updated_at", "2022-09-15 01:12:05.938052"]]
  [1m[36mTRANSACTION (2.5ms)[0m  [1m[36mcommit transaction[0m
  [1m[36mPost Load (0.2ms)[0m  [1m[34mSELECT "posts".* FROM "posts"[0m
  [1m[36mPost Load (1.3ms)[0m  [1m[34mSELECT "posts".* FROM "posts"[0m
  [1m[36mPost Load (1.2ms)[0m  [1m[34mSELECT "posts".* FROM "posts"[0m
  [1m[36mUser Load (0.2ms)[0m  [1m[34mSELECT "users".* FROM "users" WHERE "users"."id" = ? LIMIT ?[0m  [["id", 1], ["LIMIT", 1]]
  [1m[36mTRANSACTION (0.2ms)[0m  [1m[36mbegin transaction[0m
  [1m[36mPost Create (5.3ms)[0m  [1m[32mINSERT INTO "posts" ("user_id", "body", "created_at", "updated_at") VALUES (?, ?, ?, ?)[0m  [["user_id", "1"], ["body", "A carrot can be eaten as food. Try it out! You just might like it."], ["created_at", "2022-09-15 01:16:36.830844"], ["updated_at", "2022-09-15 01:16:36.830844"]]
  [1m[36mTRANSACTION (2.7ms)[0m  [1m[36mcommit transaction[0m
  [1m[36mPost Load (0.2ms)[0m  [1m[34mSELECT "posts".* FROM "posts"[0m
  [1m[36mUser Load (0.4ms)[0m  [1m[34mSELECT "users".* FROM "users" ORDER BY "users"."id" ASC LIMIT ?[0m  [["LIMIT", 1]]
  [1m[36mPost Load (0.2ms)[0m  [1m[34mSELECT "posts".* FROM "posts" WHERE "posts"."user_id" = ?[0m  [["user_id", "1"]]
  [1m[36mUser Load (0.8ms)[0m  [1m[34mSELECT "users".* FROM "users" ORDER BY "users"."id" ASC LIMIT ?[0m  [["LIMIT", 1]]
  [1m[36mUser Load (0.2ms)[0m  [1m[34mSELECT "users".* FROM "users" ORDER BY "users"."id" ASC LIMIT ?[0m  [["LIMIT", 1]]
  [1m[36mPost Load (0.3ms)[0m  [1m[34mSELECT "posts".* FROM "posts"[0m
  [1m[36mPost Load (0.2ms)[0m  [1m[34mSELECT "posts".* FROM "posts"[0m
  [1m[36mTRANSACTION (0.1ms)[0m  [1m[36mbegin transaction[0m
  [1m[36mUser Load (0.2ms)[0m  [1m[34mSELECT "users".* FROM "users" WHERE "users"."id" = ? LIMIT ?[0m  [["id", 1], ["LIMIT", 1]]
  [1m[36mPost Create (3.7ms)[0m  [1m[32mINSERT INTO "posts" ("user_id", "body", "created_at", "updated_at") VALUES (?, ?, ?, ?)[0m  [["user_id", "1"], ["body", "Hello, moon!"], ["created_at", "2022-09-15 01:23:57.885151"], ["updated_at", "2022-09-15 01:23:57.885151"]]
  [1m[36mTRANSACTION (2.4ms)[0m  [1m[36mcommit transaction[0m
  [1m[36mTRANSACTION (0.1ms)[0m  [1m[36mbegin transaction[0m
  [1m[36mUser Exists? (3.8ms)[0m  [1m[34mSELECT 1 AS one FROM "users" WHERE "users"."name" = ? LIMIT ?[0m  [["name", "Tim"], ["LIMIT", 1]]
  [1m[36mUser Create (0.5ms)[0m  [1m[32mINSERT INTO "users" ("name", "created_at", "updated_at") VALUES (?, ?, ?)[0m  [["name", "Tim"], ["created_at", "2022-09-15 01:25:24.308082"], ["updated_at", "2022-09-15 01:25:24.308082"]]
  [1m[36mTRANSACTION (1.7ms)[0m  [1m[36mcommit transaction[0m
  [1m[36mPost Load (0.2ms)[0m  [1m[34mSELECT "posts".* FROM "posts" WHERE "posts"."user_id" = ?[0m  [["user_id", "2"]]
  [1m[36mUser Load (0.2ms)[0m  [1m[34mSELECT "users".* FROM "users" WHERE "users"."id" = ? LIMIT ?[0m  [["id", 2], ["LIMIT", 1]]
  [1m[36mTRANSACTION (0.1ms)[0m  [1m[36mbegin transaction[0m
  [1m[36mPost Create (0.8ms)[0m  [1m[32mINSERT INTO "posts" ("user_id", "body", "created_at", "updated_at") VALUES (?, ?, ?, ?)[0m  [["user_id", "2"], ["body", "Today was a good day"], ["created_at", "2022-09-15 01:26:11.933788"], ["updated_at", "2022-09-15 01:26:11.933788"]]
  [1m[36mTRANSACTION (2.6ms)[0m  [1m[36mcommit transaction[0m
  [1m[36mPost Load (0.8ms)[0m  [1m[34mSELECT "posts".* FROM "posts"[0m
  [1m[36mPost Load (0.4ms)[0m  [1m[34mSELECT "posts".* FROM "posts" ORDER BY "posts"."id" ASC LIMIT ?[0m  [["LIMIT", 1]]
  [1m[36mUser Load (0.1ms)[0m  [1m[34mSELECT "users".* FROM "users" WHERE "users"."id" = ? LIMIT ?[0m  [["id", 1], ["LIMIT", 1]]
  [1m[36mPost Load (0.3ms)[0m  [1m[34mSELECT "posts".* FROM "posts" WHERE "posts"."user_id" = ?[0m  [["user_id", "1"]]
  [1m[36mPost Load (0.2ms)[0m  [1m[34mSELECT "posts".* FROM "posts" WHERE "posts"."user_id" = ?[0m  [["user_id", "2"]]
  [1m[36mUser Exists? (1.3ms)[0m  [1m[34mSELECT 1 AS one FROM "users" WHERE "users"."name" = ? LIMIT ?[0m  [["name", "Rick"], ["LIMIT", 1]]
  [1m[36mTRANSACTION (0.1ms)[0m  [1m[36mbegin transaction[0m
  [1m[36mUser Exists? (0.4ms)[0m  [1m[34mSELECT 1 AS one FROM "users" WHERE "users"."name" = ? LIMIT ?[0m  [["name", "Rick"], ["LIMIT", 1]]
  [1m[36mUser Create (1.6ms)[0m  [1m[32mINSERT INTO "users" ("name", "created_at", "updated_at") VALUES (?, ?, ?)[0m  [["name", "Rick"], ["created_at", "2022-09-15 01:28:42.410126"], ["updated_at", "2022-09-15 01:28:42.410126"]]
  [1m[36mTRANSACTION (3.1ms)[0m  [1m[36mcommit transaction[0m
  [1m[36mUser Load (2.4ms)[0m  [1m[34mSELECT "users".* FROM "users" WHERE "users"."id" = ? LIMIT ?[0m  [["id", 3], ["LIMIT", 1]]
  [1m[36mTRANSACTION (0.1ms)[0m  [1m[36mbegin transaction[0m
  [1m[36mPost Create (2.2ms)[0m  [1m[32mINSERT INTO "posts" ("user_id", "body", "created_at", "updated_at") VALUES (?, ?, ?, ?)[0m  [["user_id", "3"], ["body", "Today, I caught a really wild bass while out fishing with the gang. It was tough, but I got him! We are going to eat good tonight!"], ["created_at", "2022-09-15 01:29:43.703213"], ["updated_at", "2022-09-15 01:29:43.703213"]]
  [1m[36mTRANSACTION (3.6ms)[0m  [1m[36mcommit transaction[0m
  [1m[36mPost Load (0.3ms)[0m  [1m[34mSELECT "posts".* FROM "posts" WHERE "posts"."user_id" = ?[0m  [["user_id", "3"]]
  [1m[36mPost Load (0.2ms)[0m  [1m[34mSELECT "posts".* FROM "posts" WHERE "posts"."user_id" = ?[0m  [["user_id", "1"]]
  [1m[36mPost Load (1.6ms)[0m  [1m[34mSELECT "posts".* FROM "posts" ORDER BY "posts"."id" ASC LIMIT ? OFFSET ?[0m  [["LIMIT", 1], ["OFFSET", 1]]
  [1m[36mUser Load (0.2ms)[0m  [1m[34mSELECT "users".* FROM "users" WHERE "users"."id" = ? LIMIT ?[0m  [["id", 1], ["LIMIT", 1]]
  [1m[36mPost Load (0.2ms)[0m  [1m[34mSELECT "posts".* FROM "posts" ORDER BY "posts"."id" ASC LIMIT ? OFFSET ?[0m  [["LIMIT", 1], ["OFFSET", 4]]
  [1m[36mUser Load (0.2ms)[0m  [1m[34mSELECT "users".* FROM "users" WHERE "users"."id" = ? LIMIT ?[0m  [["id", 3], ["LIMIT", 1]]
  [1m[36mPost Load (1.5ms)[0m  [1m[34mSELECT "posts".* FROM "posts" WHERE "posts"."user_id" = ?[0m  [["user_id", "1"]]
  [1m[36mUser Load (1.3ms)[0m  [1m[34mSELECT "users".* FROM "users" WHERE "users"."id" = ? LIMIT ?[0m  [["id", 1], ["LIMIT", 1]]
  [1m[36mTRANSACTION (0.1ms)[0m  [1m[36mbegin transaction[0m
  [1m[36mPost Create (2.0ms)[0m  [1m[32mINSERT INTO "posts" ("user_id", "body", "created_at", "updated_at") VALUES (?, ?, ?, ?)[0m  [["user_id", "1"], ["body", "That one sound effect from Sonic Chronicles, the one where Big walks through force fields and makes that *dobe* sound. Man, that game sucked."], ["created_at", "2022-09-15 01:57:13.413020"], ["updated_at", "2022-09-15 01:57:13.413020"]]
  [1m[36mTRANSACTION (4.8ms)[0m  [1m[36mcommit transaction[0m
  [1m[36mPost Load (0.2ms)[0m  [1m[34mSELECT "posts".* FROM "posts" WHERE "posts"."user_id" = ?[0m  [["user_id", "1"]]
  [1m[36mPost Load (0.2ms)[0m  [1m[34mSELECT "posts".* FROM "posts"[0m
  [1m[36mPost Load (0.3ms)[0m  [1m[34mSELECT "posts".* FROM "posts" WHERE "posts"."user_id" = ?[0m  [["user_id", "1"]]
  [1m[36mPost Load (1.6ms)[0m  [1m[34mSELECT "posts".* FROM "posts" WHERE "posts"."user_id" = ?[0m  [["user_id", "1"]]
  [1m[36mPost Load (0.3ms)[0m  [1m[34mSELECT "posts".* FROM "posts" WHERE "posts"."user_id" = ? ORDER BY "posts"."id" ASC LIMIT ?[0m  [["user_id", "3"], ["LIMIT", 1]]
  [1m[36mPost Load (0.2ms)[0m  [1m[34mSELECT "posts".* FROM "posts"[0m
  [1m[36mPost Load (0.2ms)[0m  [1m[34mSELECT "posts".* FROM "posts" WHERE "posts"."user_id" = ? ORDER BY "posts"."id" ASC LIMIT ?[0m  [["user_id", "3"], ["LIMIT", 1]]
  [1m[36mUser Exists? (1.2ms)[0m  [1m[34mSELECT 1 AS one FROM "users" WHERE "users"."name" = ? LIMIT ?[0m  [["name", "Gary"], ["LIMIT", 1]]
  [1m[36mTRANSACTION (0.1ms)[0m  [1m[36mbegin transaction[0m
  [1m[36mUser Exists? (0.3ms)[0m  [1m[34mSELECT 1 AS one FROM "users" WHERE "users"."name" = ? LIMIT ?[0m  [["name", "Gary"], ["LIMIT", 1]]
  [1m[36mUser Create (3.5ms)[0m  [1m[32mINSERT INTO "users" ("name", "created_at", "updated_at") VALUES (?, ?, ?)[0m  [["name", "Gary"], ["created_at", "2022-09-15 02:00:34.895245"], ["updated_at", "2022-09-15 02:00:34.895245"]]
  [1m[36mTRANSACTION (1.2ms)[0m  [1m[36mcommit transaction[0m
  [1m[36mUser Load (2.3ms)[0m  [1m[34mSELECT "users".* FROM "users" WHERE "users"."id" = ? LIMIT ?[0m  [["id", 4], ["LIMIT", 1]]
  [1m[36mTRANSACTION (0.1ms)[0m  [1m[36mbegin transaction[0m
  [1m[36mPost Create (0.6ms)[0m  [1m[32mINSERT INTO "posts" ("user_id", "body", "created_at", "updated_at") VALUES (?, ?, ?, ?)[0m  [["user_id", "4"], ["body", "A comment made by the infamous Gary."], ["created_at", "2022-09-15 02:01:05.699930"], ["updated_at", "2022-09-15 02:01:05.699930"]]
  [1m[36mTRANSACTION (3.6ms)[0m  [1m[36mcommit transaction[0m
  [1m[36mPost Load (0.3ms)[0m  [1m[34mSELECT "posts".* FROM "posts" WHERE "posts"."user_id" = ? ORDER BY "posts"."id" ASC LIMIT ?[0m  [["user_id", "4"], ["LIMIT", 1]]
  [1m[36mPost Load (0.2ms)[0m  [1m[34mSELECT "posts".* FROM "posts" WHERE "posts"."user_id" = ? ORDER BY "posts"."id" ASC LIMIT ?[0m  [["user_id", "4"], ["LIMIT", 1]]
  [1m[36mPost Load (0.3ms)[0m  [1m[34mSELECT "posts".* FROM "posts" WHERE "posts"."user_id" = ? ORDER BY "posts"."id" DESC LIMIT ?[0m  [["user_id", "3"], ["LIMIT", 1]]
  [1m[36mComment Load (0.9ms)[0m  [1m[34mSELECT "comments".* FROM "comments"[0m
  [1m[36mPost Load (0.3ms)[0m  [1m[34mSELECT "posts".* FROM "posts"[0m
  [1m[36mActiveRecord::SchemaMigration Pluck (0.6ms)[0m  [1m[34mSELECT "schema_migrations"."version" FROM "schema_migrations" ORDER BY "schema_migrations"."version" ASC[0m
Migrating to CreateComments (20220915020420)
  [1m[36mTRANSACTION (0.1ms)[0m  [1m[36mbegin transaction[0m
  [1m[35m (0.8ms)[0m  [1m[35mCREATE TABLE "comments" ("id" integer PRIMARY KEY AUTOINCREMENT NOT NULL, "user_name" varchar, "post_id" integer, "body" text, "created_at" datetime(6) NOT NULL, "updated_at" datetime(6) NOT NULL)[0m
  [1m[36mActiveRecord::SchemaMigration Create (15.4ms)[0m  [1m[32mINSERT INTO "schema_migrations" ("version") VALUES (?)[0m  [["version", "20220915020420"]]
  [1m[36mTRANSACTION (6.2ms)[0m  [1m[36mcommit transaction[0m
  [1m[36mActiveRecord::InternalMetadata Load (1.8ms)[0m  [1m[34mSELECT "ar_internal_metadata".* FROM "ar_internal_metadata" WHERE "ar_internal_metadata"."key" = ? LIMIT ?[0m  [["key", "environment"], ["LIMIT", 1]]
  [1m[36mActiveRecord::SchemaMigration Pluck (0.3ms)[0m  [1m[34mSELECT "schema_migrations"."version" FROM "schema_migrations" ORDER BY "schema_migrations"."version" ASC[0m
  [1m[36mComment Load (0.2ms)[0m  [1m[34mSELECT "comments".* FROM "comments"[0m
  [1m[36mPost Load (0.2ms)[0m  [1m[34mSELECT "posts".* FROM "posts" WHERE "posts"."id" = ? LIMIT ?[0m  [["id", 7], ["LIMIT", 1]]
  [1m[36mTRANSACTION (0.1ms)[0m  [1m[36mbegin transaction[0m
  [1m[36mComment Create (0.6ms)[0m  [1m[32mINSERT INTO "comments" ("user_name", "post_id", "body", "created_at", "updated_at") VALUES (?, ?, ?, ?, ?)[0m  [["user_name", "John"], ["post_id", 7], ["body", "Gary!!! Why would you make this post?"], ["created_at", "2022-09-15 02:09:44.014749"], ["updated_at", "2022-09-15 02:09:44.014749"]]
  [1m[36mTRANSACTION (3.3ms)[0m  [1m[36mcommit transaction[0m
  [1m[36mComment Load (0.2ms)[0m  [1m[34mSELECT "comments".* FROM "comments"[0m
  [1m[36mPost Load (0.3ms)[0m  [1m[34mSELECT "posts".* FROM "posts" WHERE "posts"."user_id" = ? /* loading for inspect */ LIMIT ?[0m  [["user_id", "4"], ["LIMIT", 11]]
  [1m[36mPost Load (0.2ms)[0m  [1m[34mSELECT "posts".* FROM "posts" WHERE "posts"."user_id" = ? /* loading for inspect */ LIMIT ?[0m  [["user_id", "4"], ["LIMIT", 11]]
  [1m[36mComment Load (0.3ms)[0m  [1m[34mSELECT "comments".* FROM "comments"[0m
  [1m[36mUser Load (0.2ms)[0m  [1m[34mSELECT "users".* FROM "users" WHERE "users"."id" = ? LIMIT ?[0m  [["id", 2], ["LIMIT", 1]]
  [1m[36mComment Load (0.3ms)[0m  [1m[34mSELECT "comments".* FROM "comments"[0m
  [1m[36mComment Load (0.2ms)[0m  [1m[34mSELECT "comments".* FROM "comments"[0m
  [1m[36mUser Load (0.5ms)[0m  [1m[34mSELECT "users".* FROM "users"[0m
  [1m[36mPost Load (0.8ms)[0m  [1m[34mSELECT "posts".* FROM "posts"[0m
  [1m[36mUser Load (0.8ms)[0m  [1m[34mSELECT "users".* FROM "users"[0m
  [1m[36mUser Load (0.8ms)[0m  [1m[34mSELECT "users".* FROM "users"[0m
  [1m[36mPost Load (0.5ms)[0m  [1m[34mSELECT "posts".* FROM "posts"[0m
  [1m[36mComment Load (1.2ms)[0m  [1m[34mSELECT "comments".* FROM "comments"[0m
  [1m[36mUser Load (0.7ms)[0m  [1m[34mSELECT "users".* FROM "users"[0m
  [1m[36mTRANSACTION (0.1ms)[0m  [1m[36mbegin transaction[0m
  [1m[36mUser Exists? (0.8ms)[0m  [1m[34mSELECT 1 AS one FROM "users" WHERE "users"."name" = ? LIMIT ?[0m  [["name", "John"], ["LIMIT", 1]]
  [1m[36mTRANSACTION (0.4ms)[0m  [1m[31mrollback transaction[0m
  [1m[36mUser Load (0.3ms)[0m  [1m[34mSELECT "users".* FROM "users"[0m
  [1m[36mUser Exists? (0.3ms)[0m  [1m[34mSELECT 1 AS one FROM "users" WHERE "users"."name" = ? LIMIT ?[0m  [["name", "Bob"], ["LIMIT", 1]]
  [1m[36mTRANSACTION (0.1ms)[0m  [1m[36mbegin transaction[0m
  [1m[36mUser Exists? (0.2ms)[0m  [1m[34mSELECT 1 AS one FROM "users" WHERE "users"."name" = ? LIMIT ?[0m  [["name", "Bob"], ["LIMIT", 1]]
  [1m[36mUser Create (25.0ms)[0m  [1m[32mINSERT INTO "users" ("name", "created_at", "updated_at") VALUES (?, ?, ?)[0m  [["name", "Bob"], ["created_at", "2022-09-15 02:35:27.781609"], ["updated_at", "2022-09-15 02:35:27.781609"]]
  [1m[36mTRANSACTION (1.4ms)[0m  [1m[36mcommit transaction[0m
  [1m[36mUser Load (0.3ms)[0m  [1m[34mSELECT "users".* FROM "users"[0m
  [1m[36mUser Load (0.3ms)[0m  [1m[34mSELECT "users".* FROM "users" WHERE "users"."id" = ? LIMIT ?[0m  [["id", 5], ["LIMIT", 1]]
  [1m[36mTRANSACTION (0.1ms)[0m  [1m[36mbegin transaction[0m
  [1m[36mPost Create (0.9ms)[0m  [1m[32mINSERT INTO "posts" ("user_id", "body", "created_at", "updated_at") VALUES (?, ?, ?, ?)[0m  [["user_id", "5"], ["body", "Here is a post!"], ["created_at", "2022-09-15 02:35:58.678233"], ["updated_at", "2022-09-15 02:35:58.678233"]]
  [1m[36mTRANSACTION (1.1ms)[0m  [1m[36mcommit transaction[0m
  [1m[36mPost Load (1.0ms)[0m  [1m[34mSELECT "posts".* FROM "posts" WHERE "posts"."user_id" = ?[0m  [["user_id", "5"]]
  [1m[36mUser Exists? (0.3ms)[0m  [1m[34mSELECT 1 AS one FROM "users" WHERE "users"."name" = ? LIMIT ?[0m  [["name", "Grant"], ["LIMIT", 1]]
  [1m[36mTRANSACTION (0.1ms)[0m  [1m[36mbegin transaction[0m
  [1m[36mUser Exists? (0.2ms)[0m  [1m[34mSELECT 1 AS one FROM "users" WHERE "users"."name" = ? LIMIT ?[0m  [["name", "Grant"], ["LIMIT", 1]]
  [1m[36mUser Create (0.5ms)[0m  [1m[32mINSERT INTO "users" ("name", "created_at", "updated_at") VALUES (?, ?, ?)[0m  [["name", "Grant"], ["created_at", "2022-09-15 02:36:23.613742"], ["updated_at", "2022-09-15 02:36:23.613742"]]
  [1m[36mTRANSACTION (1.0ms)[0m  [1m[36mcommit transaction[0m
  [1m[36mUser Load (0.3ms)[0m  [1m[34mSELECT "users".* FROM "users"[0m
  [1m[36mPost Load (0.5ms)[0m  [1m[34mSELECT "posts".* FROM "posts"[0m
  [1m[36mPost Load (0.4ms)[0m  [1m[34mSELECT "posts".* FROM "posts" WHERE "posts"."id" = ? LIMIT ?[0m  [["id", 8], ["LIMIT", 1]]
  [1m[36mTRANSACTION (0.1ms)[0m  [1m[36mbegin transaction[0m
  [1m[36mComment Create (2.3ms)[0m  [1m[32mINSERT INTO "comments" ("user_name", "post_id", "body", "created_at", "updated_at") VALUES (?, ?, ?, ?, ?)[0m  [["user_name", "Bob"], ["post_id", 8], ["body", "Your post caught my eye. Keep up the good work, old chum!"], ["created_at", "2022-09-15 02:38:04.317388"], ["updated_at", "2022-09-15 02:38:04.317388"]]
  [1m[36mTRANSACTION (1.3ms)[0m  [1m[36mcommit transaction[0m
  [1m[36mComment Load (0.3ms)[0m  [1m[34mSELECT "comments".* FROM "comments"[0m
  [1m[36mComment Load (0.3ms)[0m  [1m[34mSELECT "comments".* FROM "comments" WHERE "comments"."post_id" = ? ORDER BY "comments"."id" ASC LIMIT ?[0m  [["post_id", 8], ["LIMIT", 1]]
  [1m[36mComment Load (0.2ms)[0m  [1m[34mSELECT "comments".* FROM "comments" WHERE "comments"."post_id" = ?[0m  [["post_id", 8]]
  [1m[36mComment Load (0.2ms)[0m  [1m[34mSELECT "comments".* FROM "comments" WHERE "comments"."post_id" = ?[0m  [["post_id", 8]]
